[2022-05-10 20:37:29,056] OS name = windows 10
[2022-05-10 20:37:29,057] 
[2022-05-10 20:39:31,711] Precondition - Step 01: Open Notebook page in Sub Menu
[2022-05-10 20:39:33,600] Sort Name A to Z - Step 01: Select 'Name: A to Z' in Sort by dropdown
[2022-05-10 20:39:33,903] Sort Name A to Z - Step 02: Verify all product names are sorted with ascending order
[2022-05-10 20:39:34,042] Sort Name Z to A - Step 01: Select 'Name: Z to A' in Sort by dropdown
[2022-05-10 20:39:34,311] Sort Name Z to A - Step 02: Verify all product names are sorted with descending order
[2022-05-10 20:39:34,347] Sort Price Low to High - Step 01: Select 'Price: Low to High' in Sort by dropdown
[2022-05-10 20:39:34,697] Sort Price Low to High - Step 02: Verify all product prices are sorted with ascending order
[2022-05-10 20:39:34,715] Sort Price Low to High - Step 01: Select 'Price: High to Low' in Sort by dropdown
[2022-05-10 20:39:34,979] Sort Price Low to High - Step 02: Verify all product prices are sorted with descending order
[2022-05-10 20:39:34,997] Display 3 products per page - Step 01: Select '3' in Display dropdown
[2022-05-10 20:39:35,263] Display 3 products per page - Step 02: Verify <= 3 products are shown per page
[2022-05-10 20:39:35,267] Display 3 products per page - Step 03: Verify Page 1 Number is activated
[2022-05-10 20:39:50,293] Display 6 products per page - Step 01: Select '6' in Display dropdown
[2022-05-10 20:39:50,563] Display 6 products per page - Step 02: Verify <= 6 products are shown per page
[2022-05-10 20:39:50,569] Display 6 products per page - Step 03: Verify Pagination is disappeared
[2022-05-10 20:40:05,585] Display 9 products per page - Step 01: Select '9' in Display dropdown
[2022-05-10 20:40:05,852] Display 9 products per page - Step 02: Verify <= 9 products are shown per page
[2022-05-10 20:40:05,857] Display 9 products per page - Step 03: Verify Pagination is disappeared
[2022-05-10 20:40:20,877] OS name = windows 10
[2022-05-10 20:40:20,877] Driver instance name = firefoxdriver: firefox on windows (90ef6279-e6fb-445c-ae3c-6e637f965176)
[2022-05-10 20:42:13,642] Precondition - Step 01: Open Notebook page in Sub Menu
[2022-05-10 20:42:16,631] Sort Name A to Z - Step 01: Select 'Name: A to Z' in Sort by dropdown
[2022-05-10 20:42:16,917] Sort Name A to Z - Step 02: Verify all product names are sorted with ascending order
[2022-05-10 20:42:17,043] Sort Name Z to A - Step 01: Select 'Name: Z to A' in Sort by dropdown
[2022-05-10 20:42:17,309] Sort Name Z to A - Step 02: Verify all product names are sorted with descending order
[2022-05-10 20:42:17,341] OS name = windows 10
[2022-05-10 20:42:17,341] Driver instance name = firefoxdriver: firefox on windows (5f259972-2819-412e-8112-e5c3bccc66bc)
[2022-05-10 20:43:44,286] Precondition - Step 01: Open Notebook page in Sub Menu
[2022-05-10 20:43:45,268] Sort Name A to Z - Step 01: Select 'Name: A to Z' in Sort by dropdown
[2022-05-10 20:43:45,548] Sort Name A to Z - Step 02: Verify all product names are sorted with ascending order
[2022-05-10 20:43:45,699] Sort Name Z to A - Step 01: Select 'Name: Z to A' in Sort by dropdown
[2022-05-10 20:43:45,967] Sort Name Z to A - Step 02: Verify all product names are sorted with descending order
[2022-05-10 20:43:46,018] OS name = windows 10
[2022-05-10 20:43:46,018] Driver instance name = firefoxdriver: firefox on windows (79ae7160-c6b3-455c-8d01-87c968e4e6c0)
[2022-05-10 20:46:05,575] Precondition - Step 01: Open Notebook page in Sub Menu
[2022-05-10 20:46:07,404] Sort Name A to Z - Step 01: Select 'Name: A to Z' in Sort by dropdown
[2022-05-10 20:46:07,681] Sort Name A to Z - Step 02: Verify all product names are sorted with ascending order
[2022-05-10 20:46:07,831] Sort Name Z to A - Step 01: Select 'Name: Z to A' in Sort by dropdown
[2022-05-10 20:46:08,100] Sort Name Z to A - Step 02: Verify all product names are sorted with descending order
[2022-05-10 20:46:08,147] OS name = windows 10
[2022-05-10 20:46:08,147] Driver instance name = firefoxdriver: firefox on windows (ab04fd3e-a3f6-47d9-8a0b-2ba198506596)
[2022-05-10 20:51:36,101] OS name = windows 10
[2022-05-10 20:51:36,102] 
[2022-05-10 20:51:50,026] Precondition - Step 01: Open Notebook page in Sub Menu
[2022-05-10 20:51:51,121] Sort Name A to Z - Step 01: Select 'Name: A to Z' in Sort by dropdown
[2022-05-10 20:51:51,442] Sort Name A to Z - Step 02: Verify all product names are sorted with ascending order
[2022-05-10 20:51:51,595] Sort Name Z to A - Step 01: Select 'Name: Z to A' in Sort by dropdown
[2022-05-10 20:51:51,879] Sort Name Z to A - Step 02: Verify all product names are sorted with descending order
[2022-05-10 20:51:51,926] OS name = windows 10
[2022-05-10 20:51:51,927] Driver instance name = firefoxdriver: firefox on windows (23759db4-25da-4197-9e28-afb02f255c36)
[2022-05-10 20:52:23,436] Precondition - Step 01: Open Notebook page in Sub Menu
[2022-05-10 20:52:25,352] Sort Name A to Z - Step 01: Select 'Name: A to Z' in Sort by dropdown
[2022-05-10 20:52:25,646] Sort Name A to Z - Step 02: Verify all product names are sorted with ascending order
[2022-05-10 20:52:25,791] Sort Name Z to A - Step 01: Select 'Name: Z to A' in Sort by dropdown
[2022-05-10 20:52:26,064] Sort Name Z to A - Step 02: Verify all product names are sorted with descending order
[2022-05-10 20:52:26,117] Sort Price Low to High - Step 01: Select 'Price: Low to High' in Sort by dropdown
[2022-05-10 20:52:26,396] Sort Price Low to High - Step 02: Verify all product prices are sorted with ascending order
[2022-05-10 20:52:26,416] Sort Price Low to High - Step 01: Select 'Price: High to Low' in Sort by dropdown
[2022-05-10 20:52:26,681] Sort Price Low to High - Step 02: Verify all product prices are sorted with descending order
[2022-05-10 20:52:26,701] Display 3 products per page - Step 01: Select '3' in Display dropdown
[2022-05-10 20:52:26,966] Display 3 products per page - Step 02: Verify <= 3 products are shown per page
[2022-05-10 20:52:26,973] Display 3 products per page - Step 03: Verify Page 1 Number is activated
[2022-05-10 20:52:27,194] Display 3 products per page - Step 04: Verify Next icon is shown when on Page 1
[2022-05-10 20:52:27,235] Display 3 products per page - Step 05: Click to Page 2 icon
[2022-05-10 20:52:42,267] Display 6 products per page - Step 01: Select '6' in Display dropdown
[2022-05-10 20:52:42,541] Display 6 products per page - Step 02: Verify <= 6 products are shown per page
[2022-05-10 20:52:42,548] Display 6 products per page - Step 03: Verify Pagination is disappeared
[2022-05-10 20:52:42,589]  -------------------------- FAILED -------------------------- 
[2022-05-10 20:52:42,599] Display 9 products per page - Step 01: Select '9' in Display dropdown
[2022-05-10 20:52:42,864] Display 9 products per page - Step 02: Verify <= 9 products are shown per page
[2022-05-10 20:52:42,869] Display 9 products per page - Step 03: Verify Pagination is disappeared
[2022-05-10 20:52:42,911]  -------------------------- FAILED -------------------------- 
[2022-05-10 20:52:42,916] OS name = windows 10
[2022-05-10 20:52:42,917] Driver instance name = firefoxdriver: firefox on windows (2739a955-17db-4241-8712-b161b61a6126)
[2022-05-10 20:56:36,486] Precondition - Step 01: Open Notebook page in Sub Menu
[2022-05-10 20:56:37,486] Sort Name A to Z - Step 01: Select 'Name: A to Z' in Sort by dropdown
[2022-05-10 20:56:37,792] Sort Name A to Z - Step 02: Verify all product names are sorted with ascending order
[2022-05-10 20:56:38,012] Sort Name Z to A - Step 01: Select 'Name: Z to A' in Sort by dropdown
[2022-05-10 20:56:38,310] Sort Name Z to A - Step 02: Verify all product names are sorted with descending order
[2022-05-10 20:56:38,370] Sort Price Low to High - Step 01: Select 'Price: Low to High' in Sort by dropdown
[2022-05-10 20:56:38,645] Sort Price Low to High - Step 02: Verify all product prices are sorted with ascending order
[2022-05-10 20:56:38,669] Sort Price Low to High - Step 01: Select 'Price: High to Low' in Sort by dropdown
[2022-05-10 20:56:38,938] Sort Price Low to High - Step 02: Verify all product prices are sorted with descending order
[2022-05-10 20:56:38,954] Display 3 products per page - Step 01: Select '3' in Display dropdown
[2022-05-10 20:56:39,228] Display 3 products per page - Step 02: Verify <= 3 products are shown per page
[2022-05-10 20:56:39,235] Display 3 products per page - Step 03: Verify Page 1 Number is activated
[2022-05-10 20:56:39,984] Display 3 products per page - Step 04: Verify Next icon is shown when on Page 1
[2022-05-10 20:56:40,024] Display 3 products per page - Step 05: Click to Page 2 icon
[2022-05-10 20:56:55,053] Display 6 products per page - Step 01: Select '6' in Display dropdown
[2022-05-10 20:56:55,333] Display 6 products per page - Step 02: Verify <= 6 products are shown per page
[2022-05-10 20:56:55,338] Display 6 products per page - Step 03: Verify Pagination is disappeared
[2022-05-10 20:56:55,376]  -------------------------- FAILED -------------------------- 
[2022-05-10 20:56:55,381] Display 9 products per page - Step 01: Select '9' in Display dropdown
[2022-05-10 20:56:55,654] Display 9 products per page - Step 02: Verify <= 9 products are shown per page
[2022-05-10 20:56:55,660] Display 9 products per page - Step 03: Verify Pagination is disappeared
[2022-05-10 20:56:55,698]  -------------------------- FAILED -------------------------- 
[2022-05-10 20:56:55,704] OS name = windows 10
[2022-05-10 20:56:55,704] Driver instance name = firefoxdriver: firefox on windows (6ff45191-e00c-46c1-bceb-200c8002a774)
[2022-05-10 20:58:00,445] Precondition - Step 01: Open Notebook page in Sub Menu
[2022-05-10 20:58:01,423] Sort Name A to Z - Step 01: Select 'Name: A to Z' in Sort by dropdown
[2022-05-10 20:58:01,729] Sort Name A to Z - Step 02: Verify all product names are sorted with ascending order
[2022-05-10 20:58:01,894] Sort Name Z to A - Step 01: Select 'Name: Z to A' in Sort by dropdown
[2022-05-10 20:58:02,182] Sort Name Z to A - Step 02: Verify all product names are sorted with descending order
[2022-05-10 20:58:02,235] Sort Price Low to High - Step 01: Select 'Price: Low to High' in Sort by dropdown
[2022-05-10 20:58:02,523] Sort Price Low to High - Step 02: Verify all product prices are sorted with ascending order
[2022-05-10 20:58:02,545] Sort Price Low to High - Step 01: Select 'Price: High to Low' in Sort by dropdown
[2022-05-10 20:58:02,815] Sort Price Low to High - Step 02: Verify all product prices are sorted with descending order
[2022-05-10 20:58:02,830] OS name = windows 10
[2022-05-10 20:58:02,830] Driver instance name = firefoxdriver: firefox on windows (04c605f5-82af-4ff3-bbe0-f9f493d0c978)
[2022-05-10 21:01:54,349] Precondition - Step 01: Open Notebook page in Sub Menu
[2022-05-10 21:01:55,517] Sort Name A to Z - Step 01: Select 'Name: A to Z' in Sort by dropdown
[2022-05-10 21:01:55,842] Sort Name A to Z - Step 02: Verify all product names are sorted with ascending order
[2022-05-10 21:01:56,076] Sort Name Z to A - Step 01: Select 'Name: Z to A' in Sort by dropdown
[2022-05-10 21:01:56,371] Sort Name Z to A - Step 02: Verify all product names are sorted with descending order
[2022-05-10 21:01:56,422] Sort Price Low to High - Step 01: Select 'Price: Low to High' in Sort by dropdown
[2022-05-10 21:01:56,692] Sort Price Low to High - Step 02: Verify all product prices are sorted with ascending order
[2022-05-10 21:01:56,715] Sort Price Low to High - Step 01: Select 'Price: High to Low' in Sort by dropdown
[2022-05-10 21:01:56,985] Sort Price Low to High - Step 02: Verify all product prices are sorted with descending order
[2022-05-10 21:01:57,003] OS name = windows 10
[2022-05-10 21:01:57,004] Driver instance name = firefoxdriver: firefox on windows (a926ef52-8fa2-45b7-a5e7-7932ed4ee3d7)
[2022-05-10 21:03:49,599] Precondition - Step 01: Open Notebook page in Sub Menu
[2022-05-10 21:03:50,585] Sort Name A to Z - Step 01: Select 'Name: A to Z' in Sort by dropdown
[2022-05-10 21:03:50,917] Sort Name A to Z - Step 02: Verify all product names are sorted with ascending order
[2022-05-10 21:03:51,114] Sort Name Z to A - Step 01: Select 'Name: Z to A' in Sort by dropdown
[2022-05-10 21:03:51,384] Sort Name Z to A - Step 02: Verify all product names are sorted with descending order
[2022-05-10 21:03:51,441] Sort Price Low to High - Step 01: Select 'Price: Low to High' in Sort by dropdown
[2022-05-10 21:03:51,705] Sort Price Low to High - Step 02: Verify all product prices are sorted with ascending order
[2022-05-10 21:03:51,726] Sort Price Low to High - Step 01: Select 'Price: High to Low' in Sort by dropdown
[2022-05-10 21:03:51,991] Sort Price Low to High - Step 02: Verify all product prices are sorted with descending order
[2022-05-10 21:03:52,008] OS name = windows 10
[2022-05-10 21:03:52,009] Driver instance name = firefoxdriver: firefox on windows (22237812-f59e-475b-84d5-85ab660d859d)
[2022-05-10 21:08:23,307] Precondition - Step 01: Open Notebook page in Sub Menu
[2022-05-10 21:08:24,249] Sort Name A to Z - Step 01: Select 'Name: A to Z' in Sort by dropdown
[2022-05-10 21:08:24,569] Sort Name A to Z - Step 02: Verify all product names are sorted with ascending order
[2022-05-10 21:08:24,721] Sort Name Z to A - Step 01: Select 'Name: Z to A' in Sort by dropdown
[2022-05-10 21:08:24,992] Sort Name Z to A - Step 02: Verify all product names are sorted with descending order
[2022-05-10 21:08:25,050] Sort Price Low to High - Step 01: Select 'Price: Low to High' in Sort by dropdown
[2022-05-10 21:08:25,340] Sort Price Low to High - Step 02: Verify all product prices are sorted with ascending order
[2022-05-10 21:08:25,393] Sort Price Low to High - Step 01: Select 'Price: High to Low' in Sort by dropdown
[2022-05-10 21:08:25,674] Sort Price Low to High - Step 02: Verify all product prices are sorted with descending order
[2022-05-10 21:08:25,690] OS name = windows 10
[2022-05-10 21:08:25,690] Driver instance name = firefoxdriver: firefox on windows (5f7d6b44-105c-44d0-bb03-3a2a0fcf08de)
[2022-05-10 21:09:20,873] Precondition - Step 01: Open Notebook page in Sub Menu
[2022-05-10 21:09:21,938] Sort Name A to Z - Step 01: Select 'Name: A to Z' in Sort by dropdown
[2022-05-10 21:09:22,258] Sort Name A to Z - Step 02: Verify all product names are sorted with ascending order
[2022-05-10 21:09:22,415] Sort Name Z to A - Step 01: Select 'Name: Z to A' in Sort by dropdown
[2022-05-10 21:09:22,694] Sort Name Z to A - Step 02: Verify all product names are sorted with descending order
[2022-05-10 21:09:22,747] Sort Price Low to High - Step 01: Select 'Price: Low to High' in Sort by dropdown
[2022-05-10 21:09:23,035] Sort Price Low to High - Step 02: Verify all product prices are sorted with ascending order
[2022-05-10 21:09:23,055] Sort Price Low to High - Step 01: Select 'Price: High to Low' in Sort by dropdown
[2022-05-10 21:09:23,339] Sort Price Low to High - Step 02: Verify all product prices are sorted with descending order
[2022-05-10 21:09:23,355] OS name = windows 10
[2022-05-10 21:09:23,355] Driver instance name = firefoxdriver: firefox on windows (e701c456-980d-41cb-a5ca-5c5ed5ead8fc)
[2022-05-10 21:11:05,188] Precondition - Step 01: Open Notebook page in Sub Menu
[2022-05-10 21:11:06,137] Sort Name A to Z - Step 01: Select 'Name: A to Z' in Sort by dropdown
[2022-05-10 21:11:06,452] Sort Name A to Z - Step 02: Verify all product names are sorted with ascending order
[2022-05-10 21:11:06,615] Sort Name Z to A - Step 01: Select 'Name: Z to A' in Sort by dropdown
[2022-05-10 21:11:06,904] Sort Name Z to A - Step 02: Verify all product names are sorted with descending order
[2022-05-10 21:11:06,957] Sort Price Low to High - Step 01: Select 'Price: Low to High' in Sort by dropdown
[2022-05-10 21:11:07,235] Sort Price Low to High - Step 02: Verify all product prices are sorted with ascending order
[2022-05-10 21:11:07,256] Sort Price Low to High - Step 01: Select 'Price: High to Low' in Sort by dropdown
[2022-05-10 21:11:07,523] Sort Price Low to High - Step 02: Verify all product prices are sorted with descending order
[2022-05-10 21:11:07,561] OS name = windows 10
[2022-05-10 21:11:07,562] Driver instance name = firefoxdriver: firefox on windows (259cdc79-5b6c-4a22-a1eb-12b4c60a09e7)
[2022-05-10 21:11:38,567] Precondition - Step 01: Open Notebook page in Sub Menu
[2022-05-10 21:11:39,648] Sort Name A to Z - Step 01: Select 'Name: A to Z' in Sort by dropdown
[2022-05-10 21:11:39,975] Sort Name A to Z - Step 02: Verify all product names are sorted with ascending order
[2022-05-10 21:11:40,155] Sort Name Z to A - Step 01: Select 'Name: Z to A' in Sort by dropdown
[2022-05-10 21:11:40,444] Sort Name Z to A - Step 02: Verify all product names are sorted with descending order
[2022-05-10 21:11:40,497] Sort Price Low to High - Step 01: Select 'Price: Low to High' in Sort by dropdown
[2022-05-10 21:11:40,770] Sort Price Low to High - Step 02: Verify all product prices are sorted with ascending order
[2022-05-10 21:11:40,815] Sort Price Low to High - Step 01: Select 'Price: High to Low' in Sort by dropdown
[2022-05-10 21:11:41,077] Sort Price Low to High - Step 02: Verify all product prices are sorted with descending order
[2022-05-10 21:11:41,114] OS name = windows 10
[2022-05-10 21:11:41,114] Driver instance name = firefoxdriver: firefox on windows (1b1ac1ad-ad89-4a9b-916e-b7828e3257d7)
[2022-05-10 21:13:44,349] Precondition - Step 01: Open Notebook page in Sub Menu
[2022-05-10 21:13:45,385] Sort Name A to Z - Step 01: Select 'Name: A to Z' in Sort by dropdown
[2022-05-10 21:13:45,699] Sort Name A to Z - Step 02: Verify all product names are sorted with ascending order
[2022-05-10 21:13:45,865] Sort Name Z to A - Step 01: Select 'Name: Z to A' in Sort by dropdown
[2022-05-10 21:13:46,143] Sort Name Z to A - Step 02: Verify all product names are sorted with descending order
[2022-05-10 21:13:46,196] Sort Price Low to High - Step 01: Select 'Price: Low to High' in Sort by dropdown
[2022-05-10 21:13:46,476] Sort Price Low to High - Step 02: Verify all product prices are sorted with ascending order
[2022-05-10 21:13:46,522] Sort Price Low to High - Step 01: Select 'Price: High to Low' in Sort by dropdown
[2022-05-10 21:13:46,794] Sort Price Low to High - Step 02: Verify all product prices are sorted with descending order
[2022-05-10 21:13:46,840] OS name = windows 10
[2022-05-10 21:13:46,840] Driver instance name = firefoxdriver: firefox on windows (5323f8c2-6111-401b-b5b4-7c045289524c)
[2022-05-10 21:18:26,027] Precondition - Step 01: Open Notebook page in Sub Menu
[2022-05-10 21:18:27,097] Sort Name A to Z - Step 01: Select 'Name: A to Z' in Sort by dropdown
[2022-05-10 21:18:27,955] Sort Name A to Z - Step 02: Verify all product names are sorted with ascending order
[2022-05-10 21:18:28,096] Sort Name Z to A - Step 01: Select 'Name: Z to A' in Sort by dropdown
[2022-05-10 21:18:28,925] Sort Name Z to A - Step 02: Verify all product names are sorted with descending order
[2022-05-10 21:18:28,991] Sort Price Low to High - Step 01: Select 'Price: Low to High' in Sort by dropdown
[2022-05-10 21:18:29,809] Sort Price Low to High - Step 02: Verify all product prices are sorted with ascending order
[2022-05-10 21:18:29,850] Sort Price Low to High - Step 01: Select 'Price: High to Low' in Sort by dropdown
[2022-05-10 21:18:30,659] Sort Price Low to High - Step 02: Verify all product prices are sorted with descending order
[2022-05-10 21:18:30,696] OS name = windows 10
[2022-05-10 21:18:30,696] Driver instance name = firefoxdriver: firefox on windows (e7000ee0-c003-416f-84dc-c6266a399105)
[2022-05-10 21:19:01,493] Precondition - Step 01: Open Notebook page in Sub Menu
[2022-05-10 21:19:02,595] Sort Name A to Z - Step 01: Select 'Name: A to Z' in Sort by dropdown
[2022-05-10 21:19:03,451] Sort Name A to Z - Step 02: Verify all product names are sorted with ascending order
[2022-05-10 21:19:03,594] Sort Name Z to A - Step 01: Select 'Name: Z to A' in Sort by dropdown
[2022-05-10 21:19:04,414] Sort Name Z to A - Step 02: Verify all product names are sorted with descending order
[2022-05-10 21:19:04,465] Sort Price Low to High - Step 01: Select 'Price: Low to High' in Sort by dropdown
[2022-05-10 21:19:05,276] Sort Price Low to High - Step 02: Verify all product prices are sorted with ascending order
[2022-05-10 21:19:05,321] Sort Price Low to High - Step 01: Select 'Price: High to Low' in Sort by dropdown
[2022-05-10 21:19:06,125] Sort Price Low to High - Step 02: Verify all product prices are sorted with descending order
[2022-05-10 21:19:06,166] Display 3 products per page - Step 01: Select '3' in Display dropdown
[2022-05-10 21:19:06,431] Display 3 products per page - Step 02: Verify <= 3 products are shown per page
[2022-05-10 21:19:06,436] Display 3 products per page - Step 03: Verify Page 1 Number is activated
[2022-05-10 21:19:06,643] Display 3 products per page - Step 04: Verify Next icon is shown when on Page 1
[2022-05-10 21:19:06,692] Display 3 products per page - Step 05: Click to Page 2 icon
[2022-05-10 21:19:21,719] Display 6 products per page - Step 01: Select '6' in Display dropdown
[2022-05-10 21:19:21,995] Display 6 products per page - Step 02: Verify <= 6 products are shown per page
[2022-05-10 21:19:22,001] Display 6 products per page - Step 03: Verify Pagination is disappeared
[2022-05-10 21:19:22,041]  -------------------------- FAILED -------------------------- 
[2022-05-10 21:19:22,048] Display 9 products per page - Step 01: Select '9' in Display dropdown
[2022-05-10 21:19:22,314] Display 9 products per page - Step 02: Verify <= 9 products are shown per page
[2022-05-10 21:19:22,320] Display 9 products per page - Step 03: Verify Pagination is disappeared
[2022-05-10 21:19:22,366]  -------------------------- FAILED -------------------------- 
[2022-05-10 21:19:22,371] OS name = windows 10
[2022-05-10 21:19:22,371] Driver instance name = firefoxdriver: firefox on windows (1213e3a7-39e6-43de-b292-c6391a782b10)
[2022-05-10 21:22:52,127] Precondition - Step 01: Open Notebook page in Sub Menu
[2022-05-10 21:22:53,151] Sort Name A to Z - Step 01: Select 'Name: A to Z' in Sort by dropdown
[2022-05-10 21:22:54,044] Sort Name A to Z - Step 02: Verify all product names are sorted with ascending order
[2022-05-10 21:22:54,194] Sort Name Z to A - Step 01: Select 'Name: Z to A' in Sort by dropdown
[2022-05-10 21:22:55,007] Sort Name Z to A - Step 02: Verify all product names are sorted with descending order
[2022-05-10 21:22:55,058] Sort Price Low to High - Step 01: Select 'Price: Low to High' in Sort by dropdown
[2022-05-10 21:22:55,862] Sort Price Low to High - Step 02: Verify all product prices are sorted with ascending order
[2022-05-10 21:22:55,903] Sort Price Low to High - Step 01: Select 'Price: High to Low' in Sort by dropdown
[2022-05-10 21:22:56,703] Sort Price Low to High - Step 02: Verify all product prices are sorted with descending order
[2022-05-10 21:22:56,742] Display 3 products per page - Step 01: Select '3' in Display dropdown
[2022-05-10 21:22:57,008] Display 3 products per page - Step 02: Verify <= 3 products are shown per page
[2022-05-10 21:22:57,014] Display 3 products per page - Step 03: Verify Page 1 Number is activated
[2022-05-10 21:22:57,176] Display 3 products per page - Step 04: Verify Next icon is shown when on Page 1
[2022-05-10 21:22:57,215] Display 3 products per page - Step 05: Click to Page 2 icon
[2022-05-10 21:23:12,238] Display 6 products per page - Step 01: Select '6' in Display dropdown
[2022-05-10 21:23:12,514] Display 6 products per page - Step 02: Verify <= 6 products are shown per page
[2022-05-10 21:23:12,519] Display 6 products per page - Step 03: Verify Pagination is disappeared
[2022-05-10 21:23:12,559]  -------------------------- FAILED -------------------------- 
[2022-05-10 21:23:12,567] Display 9 products per page - Step 01: Select '9' in Display dropdown
[2022-05-10 21:23:12,839] Display 9 products per page - Step 02: Verify <= 9 products are shown per page
[2022-05-10 21:23:12,845] Display 9 products per page - Step 03: Verify Pagination is disappeared
[2022-05-10 21:23:12,885]  -------------------------- FAILED -------------------------- 
[2022-05-10 21:23:12,890] OS name = windows 10
[2022-05-10 21:23:12,890] Driver instance name = firefoxdriver: firefox on windows (e901ac67-4d79-4d04-a22b-a1e7819f3c78)
[2022-05-10 21:25:04,158] Precondition - Step 01: Open Notebook page in Sub Menu
[2022-05-10 21:25:05,169] Sort Name A to Z - Step 01: Select 'Name: A to Z' in Sort by dropdown
[2022-05-10 21:25:06,032] Sort Name A to Z - Step 02: Verify all product names are sorted with ascending order
[2022-05-10 21:25:06,169] Sort Name Z to A - Step 01: Select 'Name: Z to A' in Sort by dropdown
[2022-05-10 21:25:06,989] Sort Name Z to A - Step 02: Verify all product names are sorted with descending order
[2022-05-10 21:25:07,037] Sort Price Low to High - Step 01: Select 'Price: Low to High' in Sort by dropdown
[2022-05-10 21:25:07,839] Sort Price Low to High - Step 02: Verify all product prices are sorted with ascending order
[2022-05-10 21:25:07,880] Sort Price Low to High - Step 01: Select 'Price: High to Low' in Sort by dropdown
[2022-05-10 21:25:08,680] Sort Price Low to High - Step 02: Verify all product prices are sorted with descending order
[2022-05-10 21:25:08,724] Display 3 products per page - Step 01: Select '3' in Display dropdown
[2022-05-10 21:25:08,989] Display 3 products per page - Step 02: Verify <= 3 products are shown per page
[2022-05-10 21:25:09,000] Display 3 products per page - Step 03: Verify Page 1 Number is activated
[2022-05-10 21:25:09,141] Display 3 products per page - Step 04: Verify Next icon is shown when on Page 1
[2022-05-10 21:25:09,183] Display 3 products per page - Step 05: Click to Page 2 icon
[2022-05-10 21:25:24,207] Display 6 products per page - Step 01: Select '6' in Display dropdown
[2022-05-10 21:25:24,479] Display 6 products per page - Step 02: Verify <= 6 products are shown per page
[2022-05-10 21:25:24,491] Display 6 products per page - Step 03: Verify Pagination is disappeared
[2022-05-10 21:25:24,531]  -------------------------- FAILED -------------------------- 
[2022-05-10 21:25:24,538] Display 9 products per page - Step 01: Select '9' in Display dropdown
[2022-05-10 21:25:24,808] Display 9 products per page - Step 02: Verify <= 9 products are shown per page
[2022-05-10 21:25:24,819] Display 9 products per page - Step 03: Verify Pagination is disappeared
[2022-05-10 21:25:24,871]  -------------------------- FAILED -------------------------- 
[2022-05-10 21:25:24,876] OS name = windows 10
[2022-05-10 21:25:24,877] Driver instance name = firefoxdriver: firefox on windows (55661d16-00d3-4296-8db9-5aa6d9d83a7d)
[2022-05-10 21:26:39,788] Precondition - Step 01: Open Notebook page in Sub Menu
[2022-05-10 21:26:40,766] Sort Name A to Z - Step 01: Select 'Name: A to Z' in Sort by dropdown
[2022-05-10 21:26:41,632] Sort Name A to Z - Step 02: Verify all product names are sorted with ascending order
[2022-05-10 21:26:41,766] Sort Name Z to A - Step 01: Select 'Name: Z to A' in Sort by dropdown
[2022-05-10 21:26:42,572] Sort Name Z to A - Step 02: Verify all product names are sorted with descending order
[2022-05-10 21:26:42,621] Sort Price Low to High - Step 01: Select 'Price: Low to High' in Sort by dropdown
[2022-05-10 21:26:43,432] Sort Price Low to High - Step 02: Verify all product prices are sorted with ascending order
[2022-05-10 21:26:43,471] Sort Price Low to High - Step 01: Select 'Price: High to Low' in Sort by dropdown
[2022-05-10 21:26:44,281] Sort Price Low to High - Step 02: Verify all product prices are sorted with descending order
[2022-05-10 21:26:44,327] Display 3 products per page - Step 01: Select '3' in Display dropdown
[2022-05-10 21:26:45,130] Display 3 products per page - Step 02: Verify <= 3 products are shown per page
[2022-05-10 21:26:45,142] Display 3 products per page - Step 03: Verify Page 1 Number is activated
[2022-05-10 21:26:45,181] Display 3 products per page - Step 04: Verify Next icon is shown when on Page 1
[2022-05-10 21:26:45,220] Display 3 products per page - Step 05: Click to Page 2 icon
[2022-05-10 21:27:00,243] Display 6 products per page - Step 01: Select '6' in Display dropdown
[2022-05-10 21:27:01,054] Display 6 products per page - Step 02: Verify <= 6 products are shown per page
[2022-05-10 21:27:01,065] Display 6 products per page - Step 03: Verify Pagination is disappeared
[2022-05-10 21:27:16,090] Display 9 products per page - Step 01: Select '9' in Display dropdown
[2022-05-10 21:27:16,900] Display 9 products per page - Step 02: Verify <= 9 products are shown per page
[2022-05-10 21:27:16,912] Display 9 products per page - Step 03: Verify Pagination is disappeared
[2022-05-10 21:27:31,924] OS name = windows 10
[2022-05-10 21:27:31,924] Driver instance name = firefoxdriver: firefox on windows (e74177ea-9296-4492-9223-d63e317a7e5a)
[2022-05-10 21:29:40,212] Precondition - Step 01: Open Notebook page in Sub Menu
[2022-05-10 21:29:41,202] Sort Name A to Z - Step 01: Select 'Name: A to Z' in Sort by dropdown
[2022-05-10 21:29:42,068] Sort Name A to Z - Step 02: Verify all product names are sorted with ascending order
[2022-05-10 21:29:42,233] Sort Name Z to A - Step 01: Select 'Name: Z to A' in Sort by dropdown
[2022-05-10 21:29:43,063] Sort Name Z to A - Step 02: Verify all product names are sorted with descending order
[2022-05-10 21:29:43,113] Sort Price Low to High - Step 01: Select 'Price: Low to High' in Sort by dropdown
[2022-05-10 21:29:43,921] Sort Price Low to High - Step 02: Verify all product prices are sorted with ascending order
[2022-05-10 21:29:43,964] Sort Price Low to High - Step 01: Select 'Price: High to Low' in Sort by dropdown
[2022-05-10 21:29:44,764] Sort Price Low to High - Step 02: Verify all product prices are sorted with descending order
[2022-05-10 21:29:44,801] Display 3 products per page - Step 01: Select '3' in Display dropdown
[2022-05-10 21:29:45,605] Display 3 products per page - Step 02: Verify <= 3 products are shown per page
[2022-05-10 21:29:45,616] Display 3 products per page - Step 03: Verify Page 1 Number is activated
[2022-05-10 21:29:45,656] Display 3 products per page - Step 04: Verify Next icon is shown when on Page 1
[2022-05-10 21:29:45,696] Display 3 products per page - Step 05: Click to Page 2 icon
[2022-05-10 21:29:45,941] Display 3 products per page - Step 06: Verify Page 2 Number is activated
[2022-05-10 21:29:46,100] Display 3 products per page - Step 07: Verify Previous icon is shown when on Page 2
[2022-05-10 21:29:46,161] Display 6 products per page - Step 01: Select '6' in Display dropdown
[2022-05-10 21:29:46,961] Display 6 products per page - Step 02: Verify <= 6 products are shown per page
[2022-05-10 21:29:46,972] Display 6 products per page - Step 03: Verify Pagination is disappeared
[2022-05-10 21:30:01,995] Display 9 products per page - Step 01: Select '9' in Display dropdown
[2022-05-10 21:30:02,812] Display 9 products per page - Step 02: Verify <= 9 products are shown per page
[2022-05-10 21:30:02,824] Display 9 products per page - Step 03: Verify Pagination is disappeared
[2022-05-10 21:30:17,840] OS name = windows 10
[2022-05-10 21:30:17,840] Driver instance name = firefoxdriver: firefox on windows (05a4af44-f04c-4df5-aa2a-067a057e08ed)
[2022-05-10 21:31:54,884] Precondition - Step 01: Open Notebook page in Sub Menu
[2022-05-10 21:31:55,878] Sort Name A to Z - Step 01: Select 'Name: A to Z' in Sort by dropdown
[2022-05-10 21:31:56,741] Sort Name A to Z - Step 02: Verify all product names are sorted with ascending order
[2022-05-10 21:31:56,872] Sort Name Z to A - Step 01: Select 'Name: Z to A' in Sort by dropdown
[2022-05-10 21:31:57,688] Sort Name Z to A - Step 02: Verify all product names are sorted with descending order
[2022-05-10 21:31:57,741] Sort Price Low to High - Step 01: Select 'Price: Low to High' in Sort by dropdown
[2022-05-10 21:31:58,549] Sort Price Low to High - Step 02: Verify all product prices are sorted with ascending order
[2022-05-10 21:31:58,587] Sort Price Low to High - Step 01: Select 'Price: High to Low' in Sort by dropdown
[2022-05-10 21:31:59,393] Sort Price Low to High - Step 02: Verify all product prices are sorted with descending order
[2022-05-10 21:31:59,435] Display 3 products per page - Step 01: Select '3' in Display dropdown
[2022-05-10 21:32:00,244] Display 3 products per page - Step 02: Verify <= 3 products are shown per page
[2022-05-10 21:32:00,256] Display 3 products per page - Step 03: Verify Page 1 Number is activated
[2022-05-10 21:32:00,309] Display 3 products per page - Step 04: Verify Next icon is shown when on Page 1
[2022-05-10 21:32:00,362] Display 3 products per page - Step 05: Click to Page 2 icon
[2022-05-10 21:32:00,610] Display 3 products per page - Step 06: Verify Page 2 Number is activated
[2022-05-10 21:32:00,765] Display 3 products per page - Step 07: Verify Previous icon is shown when on Page 2
[2022-05-10 21:32:00,824] Display 6 products per page - Step 01: Select '6' in Display dropdown
[2022-05-10 21:32:01,623] Display 6 products per page - Step 02: Verify <= 6 products are shown per page
[2022-05-10 21:32:01,633] Display 6 products per page - Step 03: Verify Pagination is disappeared
[2022-05-10 21:32:16,660] Display 9 products per page - Step 01: Select '9' in Display dropdown
[2022-05-10 21:32:17,471] Display 9 products per page - Step 02: Verify <= 9 products are shown per page
[2022-05-10 21:32:17,482] Display 9 products per page - Step 03: Verify Pagination is disappeared
[2022-05-10 21:32:32,499] OS name = windows 10
[2022-05-10 21:32:32,499] Driver instance name = firefoxdriver: firefox on windows (5eec5a1c-3f95-4da5-8daf-28ce138c737f)
[2022-05-10 21:36:42,983] Precondition - Step 01: Open Notebook page in Sub Menu
[2022-05-10 21:36:43,976] Sort Name A to Z - Step 01: Select 'Name: A to Z' in Sort by dropdown
[2022-05-10 21:36:44,841] Sort Name A to Z - Step 02: Verify all product names are sorted with ascending order
[2022-05-10 21:36:45,007] Sort Name Z to A - Step 01: Select 'Name: Z to A' in Sort by dropdown
[2022-05-10 21:36:45,844] Sort Name Z to A - Step 02: Verify all product names are sorted with descending order
[2022-05-10 21:36:45,895] Sort Price Low to High - Step 01: Select 'Price: Low to High' in Sort by dropdown
[2022-05-10 21:36:46,704] Sort Price Low to High - Step 02: Verify all product prices are sorted with ascending order
[2022-05-10 21:36:46,745] Sort Price Low to High - Step 01: Select 'Price: High to Low' in Sort by dropdown
[2022-05-10 21:36:47,552] Sort Price Low to High - Step 02: Verify all product prices are sorted with descending order
[2022-05-10 21:36:47,595] Display 3 products per page - Step 01: Select '3' in Display dropdown
[2022-05-10 21:36:48,394] Display 3 products per page - Step 02: Verify <= 3 products are shown per page
[2022-05-10 21:36:48,402] Display 3 products per page - Step 03: Verify Page 1 Number is activated
[2022-05-10 21:36:48,440] Display 3 products per page - Step 04: Verify Next icon is shown when on Page 1
[2022-05-10 21:36:48,479] Display 3 products per page - Step 05: Click to Page 2 icon
[2022-05-10 21:36:48,725] Display 3 products per page - Step 06: Verify Page 2 Number is activated
[2022-05-10 21:36:48,878] Display 3 products per page - Step 07: Verify Previous icon is shown when on Page 2
[2022-05-10 21:36:48,938] Display 6 products per page - Step 01: Select '6' in Display dropdown
[2022-05-10 21:36:49,751] Display 6 products per page - Step 02: Verify <= 6 products are shown per page
[2022-05-10 21:36:49,762] Display 6 products per page - Step 03: Verify Pagination is disappeared
[2022-05-10 21:36:59,805] Display 9 products per page - Step 01: Select '9' in Display dropdown
[2022-05-10 21:37:00,620] Display 9 products per page - Step 02: Verify <= 9 products are shown per page
[2022-05-10 21:37:00,631] Display 9 products per page - Step 03: Verify Pagination is disappeared
[2022-05-10 21:37:10,664] OS name = windows 10
[2022-05-10 21:37:10,664] Driver instance name = firefoxdriver: firefox on windows (2777778d-4d4f-4f9d-b4b3-9b0e84ec8325)
